<?xml version="1.0" encoding="UTF-8"?>
<!-- Generated by org.testng.reporters.JUnitXMLReporter -->
<testsuite ignored="2" hostname="WIN-PRASAD" failures="0" tests="5" name="Default test" time="0.11" errors="0" timestamp="2025-02-15T14:45:57 IST">
  <testcase classname="base.BaseTest" name="@BeforeTest setUp" time="-1.739610957078E9">
    <failure type="org.testng.TestNGException" message="
Parameter &amp;apos;browser&amp;apos; is required by BeforeTest on method setUp but has not been marked @Optional or defined
in C:\Users\Prasad\AppData\Local\Temp\testng-eclipse--329483689\testng-customsuite.xml">
      <![CDATA[org.testng.TestNGException: 
Parameter 'browser' is required by BeforeTest on method setUp but has not been marked @Optional or defined
in C:\Users\Prasad\AppData\Local\Temp\testng-eclipse--329483689\testng-customsuite.xml
at org.testng.internal.Parameters.createParams(Parameters.java:264)
at org.testng.internal.Parameters.createParametersForMethod(Parameters.java:352)
at org.testng.internal.Parameters.createParameters(Parameters.java:690)
at org.testng.internal.Parameters.createConfigurationParameters(Parameters.java:163)
at org.testng.internal.invokers.ConfigInvoker.invokeConfigurations(ConfigInvoker.java:313)
at org.testng.TestRunner.invokeTestConfigurations(TestRunner.java:655)
at org.testng.TestRunner.beforeRun(TestRunner.java:644)
at org.testng.TestRunner.run(TestRunner.java:610)
at org.testng.SuiteRunner.runTest(SuiteRunner.java:421)
at org.testng.SuiteRunner.runSequentially(SuiteRunner.java:413)
at org.testng.SuiteRunner.privateRun(SuiteRunner.java:373)
at org.testng.SuiteRunner.run(SuiteRunner.java:312)
at org.testng.SuiteRunnerWorker.runSuite(SuiteRunnerWorker.java:52)
at org.testng.SuiteRunnerWorker.run(SuiteRunnerWorker.java:95)
at org.testng.TestNG.runSuitesSequentially(TestNG.java:1274)
at org.testng.TestNG.runSuitesLocally(TestNG.java:1208)
at org.testng.TestNG.runSuites(TestNG.java:1112)
at org.testng.TestNG.run(TestNG.java:1079)
at org.testng.remote.AbstractRemoteTestNG.run(AbstractRemoteTestNG.java:115)
at org.testng.remote.RemoteTestNG.initAndRun(RemoteTestNG.java:293)
at org.testng.remote.RemoteTestNG.main(RemoteTestNG.java:91)
]]>
    </failure>
  </testcase> <!-- @BeforeTest setUp -->
  <testcase classname="testcase.HomeTest" name="@BeforeMethod setUpHomePage" time="0.0">
    <skipped/>
  </testcase> <!-- @BeforeMethod setUpHomePage -->
  <testcase classname="testcase.HomeTest" name="@BeforeMethod setUpHomePage" time="0.0">
    <skipped/>
  </testcase> <!-- @BeforeMethod setUpHomePage -->
  <testcase classname="testcase.HomeTest" name="@BeforeMethod setUpHomePage" time="0.0">
    <skipped/>
  </testcase> <!-- @BeforeMethod setUpHomePage -->
  <testcase classname="testcase.HomeTest" name="@BeforeMethod setUpHomePage" time="0.0">
    <skipped/>
  </testcase> <!-- @BeforeMethod setUpHomePage -->
  <testcase classname="testcase.HomeTest" name="@BeforeMethod setUpHomePage" time="0.0">
    <skipped/>
  </testcase> <!-- @BeforeMethod setUpHomePage -->
  <testcase classname="base.BaseTest" name="@AfterTest tearDown" time="0.0">
    <skipped/>
  </testcase> <!-- @AfterTest tearDown -->
  <testcase classname="testcase.HomeTest" name="verifyUrl" time="0.0">
    <skipped/>
  </testcase> <!-- verifyUrl -->
  <testcase classname="testcase.HomeTest" name="verifyHomeWinLogo" time="0.0">
    <skipped/>
  </testcase> <!-- verifyHomeWinLogo -->
  <testcase classname="testcase.HomeTest" name="allicontentVisibilityonHome" time="0.0">
    <skipped/>
  </testcase> <!-- allicontentVisibilityonHome -->
  <testcase classname="testcase.HomeTest" name="TC004" time="0.0">
    <skipped/>
  </testcase> <!-- TC004 -->
  <testcase classname="testcase.HomeTest" name="TC005" time="0.0">
    <skipped/>
  </testcase> <!-- TC005 -->
  <testcase classname="base.BaseTest" name="@AfterTest tearDown" time="0.0">
    <ignored/>
  </testcase> <!-- @AfterTest tearDown -->
  <testcase classname="base.BaseTest" name="@BeforeTest setUp" time="0.0">
    <ignored/>
  </testcase> <!-- @BeforeTest setUp -->
</testsuite> <!-- Default test -->
