<?xml version="1.0" encoding="UTF-8"?>
<!-- Generated by org.testng.reporters.JUnitXMLReporter -->
<testsuite ignored="0" hostname="WIN-PRASAD" failures="1" tests="1" name="Automation Test" time="15.558" errors="0" timestamp="2025-03-12T14:17:42 IST">
  <testcase classname="com.etvwin.runner.BaseTest" name="@AfterMethod browserTeardown" time="0.003">
    <failure type="java.lang.IllegalStateException" message="Driver should have not been null!!">
      <![CDATA[java.lang.IllegalStateException: Driver should have not been null!!
at com.etvwin.utility.DriverManager.getDriver(DriverManager.java:39)
at com.etvwin.runner.BaseTest.browserTeardown(BaseTest.java:50)
at java.base/java.util.ArrayList.forEach(ArrayList.java:1596)
... Removed 30 stack frames]]>
    </failure>
  </testcase> <!-- @AfterMethod browserTeardown -->
  <testcase classname="com.etvwin.runner.TestRunner" name="Tc001_VerifyHomePAge" time="0.771">
    <failure type="java.lang.IllegalStateException" message="Driver should have not been null!!">
      <![CDATA[java.lang.IllegalStateException: Driver should have not been null!!
at com.etvwin.utility.DriverManager.getDriver(DriverManager.java:39)
at com.etvwin.runner.TestRunner.Tc001_VerifyHomePAge(TestRunner.java:21)
at java.base/java.util.ArrayList.forEach(ArrayList.java:1596)
... Removed 25 stack frames]]>
    </failure>
  </testcase> <!-- Tc001_VerifyHomePAge -->
</testsuite> <!-- Automation Test -->
