<?xml version="1.0" encoding="UTF-8"?>
<!-- Generated by org.testng.reporters.JUnitXMLReporter -->
<testsuite ignored="0" hostname="WIN-PRASAD" failures="0" tests="3" name="ChromeTest" time="62.875" errors="0" timestamp="2025-06-26T12:00:32 IST">
  <testcase classname="com.etvwin.runner.TestRunner" name="Tc001_VerifyItems_NavBar" time="30.867"/>
  <testcase classname="com.etvwin.runner.TestRunner" name="Tc002_VerifyposterimageonHomeCarasoul" time="4.25"/>
  <testcase classname="com.etvwin.runner.TestRunner" name="Tc002_VerifySectionsHome" time="8.725"/>
</testsuite> <!-- ChromeTest -->
