<?xml version="1.0" encoding="UTF-8"?>
<!-- Generated by org.testng.reporters.JUnitXMLReporter -->
<testsuite ignored="0" hostname="RUDRAPRASAD" failures="1" tests="1" name="ChromeTest" time="34.489" errors="0" timestamp="2025-06-16T20:28:03 IST">
  <testcase classname="com.etvwin.runner.BaseTest" name="@AfterMethod browserTeardown" time="0.408">
    <failure type="java.nio.file.InvalidPathException" message="Illegal char &amp;lt;:&amp;gt; at index 26: C:\Users\rudra\git\EtvWinD:ScreenShotForAutomationScreenShot">
      <![CDATA[java.nio.file.InvalidPathException: Illegal char <:> at index 26: C:\Users\rudra\git\EtvWinD:ScreenShotForAutomationScreenShot
at java.base/sun.nio.fs.WindowsPathParser.normalize(WindowsPathParser.java:182)
at java.base/sun.nio.fs.WindowsPathParser.parse(WindowsPathParser.java:153)
at java.base/sun.nio.fs.WindowsPathParser.parse(WindowsPathParser.java:77)
at java.base/sun.nio.fs.WindowsPath.parse(WindowsPath.java:92)
at java.base/sun.nio.fs.WindowsFileSystem.getPath(WindowsFileSystem.java:232)
at java.base/java.nio.file.Path.of(Path.java:147)
at java.base/java.nio.file.Paths.get(Paths.java:69)
at com.etvwin.utility.ResourceUtility.createDirectory(ResourceUtility.java:29)
at com.etvwin.utility.ResourceUtility.getScreenShotFolderPath(ResourceUtility.java:13)
at com.etvwin.utility.ScreenshotUtility.takeFullScreenShot(ScreenshotUtility.java:35)
at com.etvwin.runner.BaseTest.browserTeardown(BaseTest.java:96)
at java.base/java.util.ArrayList.forEach(ArrayList.java:1511)
... Removed 32 stack frames]]>
    </failure>
  </testcase> <!-- @AfterMethod browserTeardown -->
  <testcase classname="com.etvwin.runner.TestRunner" name="Tc001_VerifyItems_NavBar" time="29.956">
    <failure type="java.lang.NullPointerException" message="Cannot invoke &amp;quot;com.aventstack.extentreports.ExtentTest.log(com.aventstack.extentreports.Status, String)&amp;quot; because &amp;quot;test&amp;quot; is null">
      <![CDATA[java.lang.NullPointerException: Cannot invoke "com.aventstack.extentreports.ExtentTest.log(com.aventstack.extentreports.Status, String)" because "test" is null
at com.etvwin.scripts.HomePageScript.verifySliderBannerHome(HomePageScript.java:25)
at com.etvwin.runner.TestRunner.Tc001_VerifyItems_NavBar(TestRunner.java:23)
at java.base/java.util.ArrayList.forEach(ArrayList.java:1511)
... Removed 27 stack frames]]>
    </failure>
  </testcase> <!-- Tc001_VerifyItems_NavBar -->
</testsuite> <!-- ChromeTest -->
