<?xml version="1.0" encoding="UTF-8"?>
<testng-results ignored="0" total="9" passed="8" failed="1" skipped="0">
  <reporter-output>
  </reporter-output>
  <suite started-at="2025-02-14T16:29:56 IST" name="Etv Suite" finished-at="2025-02-14T16:30:59 IST" duration-ms="62966">
    <groups>
    </groups>
    <test started-at="2025-02-14T16:29:56 IST" name="Chrome Test" finished-at="2025-02-14T16:30:15 IST" duration-ms="18537">
      <class name="testcase.HomeTest">
        <test-method is-config="true" signature="setUp(java.lang.String)[pri:0, instance:testcase.HomeTest@4c36250e]" started-at="2025-02-14T16:29:56 IST" name="setUp" finished-at="2025-02-14T16:30:13 IST" duration-ms="16754" status="PASS">
          <params>
            <param index="0">
              <value>
                <![CDATA[chrome]]>
              </value>
            </param>
          </params>
          <reporter-output>
          </reporter-output>
        </test-method> <!-- setUp -->
        <test-method is-config="true" signature="setUpHomePage()[pri:0, instance:testcase.HomeTest@4c36250e]" started-at="2025-02-14T16:30:13 IST" name="setUpHomePage" finished-at="2025-02-14T16:30:13 IST" duration-ms="3" status="PASS">
          <reporter-output>
          </reporter-output>
        </test-method> <!-- setUpHomePage -->
        <test-method signature="verifyUrl()[pri:1, instance:testcase.HomeTest@4c36250e]" started-at="2025-02-14T16:30:13 IST" name="verifyUrl" finished-at="2025-02-14T16:30:13 IST" duration-ms="85" status="PASS">
          <reporter-output>
          </reporter-output>
        </test-method> <!-- verifyUrl -->
        <test-method is-config="true" signature="setUpHomePage()[pri:0, instance:testcase.HomeTest@4c36250e]" started-at="2025-02-14T16:30:13 IST" name="setUpHomePage" finished-at="2025-02-14T16:30:13 IST" duration-ms="1" status="PASS">
          <reporter-output>
          </reporter-output>
        </test-method> <!-- setUpHomePage -->
        <test-method signature="verifyHomeWinLogo()[pri:2, instance:testcase.HomeTest@4c36250e]" started-at="2025-02-14T16:30:13 IST" name="verifyHomeWinLogo" finished-at="2025-02-14T16:30:14 IST" duration-ms="1186" status="PASS">
          <reporter-output>
          </reporter-output>
        </test-method> <!-- verifyHomeWinLogo -->
        <test-method signature="screenshot()[pri:8, instance:testcase.HomeTest@4c36250e]" started-at="2025-02-14T16:30:14 IST" name="screenshot" finished-at="2025-02-14T16:30:15 IST" duration-ms="151" status="PASS">
          <reporter-output>
          </reporter-output>
        </test-method> <!-- screenshot -->
        <test-method is-config="true" signature="setUpHomePage()[pri:0, instance:testcase.HomeTest@4c36250e]" started-at="2025-02-14T16:30:14 IST" name="setUpHomePage" finished-at="2025-02-14T16:30:14 IST" duration-ms="0" status="PASS">
          <reporter-output>
          </reporter-output>
        </test-method> <!-- setUpHomePage -->
        <test-method is-config="true" signature="tearDown()[pri:0, instance:testcase.HomeTest@4c36250e]" started-at="2025-02-14T16:30:15 IST" name="tearDown" finished-at="2025-02-14T16:30:15 IST" duration-ms="300" status="PASS">
          <reporter-output>
          </reporter-output>
        </test-method> <!-- tearDown -->
      </class> <!-- testcase.HomeTest -->
    </test> <!-- Chrome Test -->
    <test started-at="2025-02-14T16:30:15 IST" name="Firefox Test" finished-at="2025-02-14T16:30:39 IST" duration-ms="24371">
      <class name="testcase.HomeTest">
        <test-method is-config="true" signature="setUp(java.lang.String)[pri:0, instance:testcase.HomeTest@4a9e6faf]" started-at="2025-02-14T16:30:15 IST" name="setUp" finished-at="2025-02-14T16:30:31 IST" duration-ms="16594" status="PASS">
          <params>
            <param index="0">
              <value>
                <![CDATA[firefox]]>
              </value>
            </param>
          </params>
          <reporter-output>
          </reporter-output>
        </test-method> <!-- setUp -->
        <test-method is-config="true" signature="setUpHomePage()[pri:0, instance:testcase.HomeTest@4a9e6faf]" started-at="2025-02-14T16:30:31 IST" name="setUpHomePage" finished-at="2025-02-14T16:30:31 IST" duration-ms="1" status="PASS">
          <reporter-output>
          </reporter-output>
        </test-method> <!-- setUpHomePage -->
        <test-method signature="verifyUrl()[pri:1, instance:testcase.HomeTest@4a9e6faf]" started-at="2025-02-14T16:30:31 IST" name="verifyUrl" finished-at="2025-02-14T16:30:32 IST" duration-ms="348" status="PASS">
          <reporter-output>
          </reporter-output>
        </test-method> <!-- verifyUrl -->
        <test-method is-config="true" signature="setUpHomePage()[pri:0, instance:testcase.HomeTest@4a9e6faf]" started-at="2025-02-14T16:30:32 IST" name="setUpHomePage" finished-at="2025-02-14T16:30:32 IST" duration-ms="1" status="PASS">
          <reporter-output>
          </reporter-output>
        </test-method> <!-- setUpHomePage -->
        <test-method signature="verifyHomeWinLogo()[pri:2, instance:testcase.HomeTest@4a9e6faf]" started-at="2025-02-14T16:30:32 IST" name="verifyHomeWinLogo" finished-at="2025-02-14T16:30:32 IST" duration-ms="71" status="FAIL">
          <exception class="org.openqa.selenium.NoSuchElementException">
            <message>
              <![CDATA[Unable to locate element: div[class='header-logo'] a
For documentation on this error, please visit: https://www.selenium.dev/documentation/webdriver/troubleshooting/errors#no-such-element-exception
Build info: version: '4.26.0', revision: '8ccf0219d7'
System info: os.name: 'Windows 10', os.arch: 'amd64', os.version: '10.0', java.version: '21.0.4'
Driver info: org.openqa.selenium.firefox.FirefoxDriver
Command: [9ea9b8d7-d218-4821-8b88-9ab403b3b7b0, findElement {value=div[class='header-logo'] a, using=css selector}]
Capabilities {acceptInsecureCerts: true, browserName: firefox, browserVersion: 135.0, moz:accessibilityChecks: false, moz:buildID: 20250130195129, moz:debuggerAddress: 127.0.0.1:32184, moz:geckodriverVersion: 0.35.0, moz:headless: false, moz:platformVersion: 10.0, moz:processID: 13848, moz:profile: C:\Users\Prasad\AppData\Loc..., moz:shutdownTimeout: 60000, moz:webdriverClick: true, moz:windowless: false, pageLoadStrategy: normal, platformName: windows, proxy: Proxy(), se:cdp: ws://127.0.0.1:32184/devtoo..., se:cdpVersion: 85.0, setWindowRect: true, strictFileInteractability: false, timeouts: {implicit: 0, pageLoad: 300000, script: 30000}, unhandledPromptBehavior: dismiss and notify, userAgent: Mozilla/5.0 (Windows NT 10....}
Session ID: 9ea9b8d7-d218-4821-8b88-9ab403b3b7b0]]>
            </message>
            <full-stacktrace>
              <![CDATA[org.openqa.selenium.NoSuchElementException: Unable to locate element: div[class='header-logo'] a
For documentation on this error, please visit: https://www.selenium.dev/documentation/webdriver/troubleshooting/errors#no-such-element-exception
Build info: version: '4.26.0', revision: '8ccf0219d7'
System info: os.name: 'Windows 10', os.arch: 'amd64', os.version: '10.0', java.version: '21.0.4'
Driver info: org.openqa.selenium.firefox.FirefoxDriver
Command: [9ea9b8d7-d218-4821-8b88-9ab403b3b7b0, findElement {value=div[class='header-logo'] a, using=css selector}]
Capabilities {acceptInsecureCerts: true, browserName: firefox, browserVersion: 135.0, moz:accessibilityChecks: false, moz:buildID: 20250130195129, moz:debuggerAddress: 127.0.0.1:32184, moz:geckodriverVersion: 0.35.0, moz:headless: false, moz:platformVersion: 10.0, moz:processID: 13848, moz:profile: C:\Users\Prasad\AppData\Loc..., moz:shutdownTimeout: 60000, moz:webdriverClick: true, moz:windowless: false, pageLoadStrategy: normal, platformName: windows, proxy: Proxy(), se:cdp: ws://127.0.0.1:32184/devtoo..., se:cdpVersion: 85.0, setWindowRect: true, strictFileInteractability: false, timeouts: {implicit: 0, pageLoad: 300000, script: 30000}, unhandledPromptBehavior: dismiss and notify, userAgent: Mozilla/5.0 (Windows NT 10....}
Session ID: 9ea9b8d7-d218-4821-8b88-9ab403b3b7b0
at java.base/jdk.internal.reflect.DirectConstructorHandleAccessor.newInstance(DirectConstructorHandleAccessor.java:62)
at java.base/java.lang.reflect.Constructor.newInstanceWithCaller(Constructor.java:502)
at java.base/java.lang.reflect.Constructor.newInstance(Constructor.java:486)
at org.openqa.selenium.remote.ErrorCodec.decode(ErrorCodec.java:167)
at org.openqa.selenium.remote.codec.w3c.W3CHttpResponseCodec.decode(W3CHttpResponseCodec.java:138)
at org.openqa.selenium.remote.codec.w3c.W3CHttpResponseCodec.decode(W3CHttpResponseCodec.java:50)
at org.openqa.selenium.remote.HttpCommandExecutor.execute(HttpCommandExecutor.java:190)
at org.openqa.selenium.remote.service.DriverCommandExecutor.invokeExecute(DriverCommandExecutor.java:216)
at org.openqa.selenium.remote.service.DriverCommandExecutor.execute(DriverCommandExecutor.java:174)
at org.openqa.selenium.remote.RemoteWebDriver.execute(RemoteWebDriver.java:545)
at org.openqa.selenium.remote.ElementLocation$ElementFinder$2.findElement(ElementLocation.java:165)
at org.openqa.selenium.remote.ElementLocation.findElement(ElementLocation.java:59)
at org.openqa.selenium.remote.RemoteWebDriver.findElement(RemoteWebDriver.java:368)
at org.openqa.selenium.remote.RemoteWebDriver.findElement(RemoteWebDriver.java:362)
at pageObjectmodel.Home.winlogoHome(Home.java:36)
at testcase.HomeTest.verifyHomeWinLogo(HomeTest.java:56)
at java.base/jdk.internal.reflect.DirectMethodHandleAccessor.invoke(DirectMethodHandleAccessor.java:103)
at java.base/java.lang.reflect.Method.invoke(Method.java:580)
at org.testng.internal.invokers.MethodInvocationHelper.invokeMethod(MethodInvocationHelper.java:141)
at org.testng.internal.invokers.TestInvoker.invokeMethod(TestInvoker.java:686)
at org.testng.internal.invokers.TestInvoker.invokeTestMethod(TestInvoker.java:230)
at org.testng.internal.invokers.MethodRunner.runInSequence(MethodRunner.java:63)
at org.testng.internal.invokers.TestInvoker$MethodInvocationAgent.invoke(TestInvoker.java:992)
at org.testng.internal.invokers.TestInvoker.invokeTestMethods(TestInvoker.java:203)
at org.testng.internal.invokers.TestMethodWorker.invokeTestMethods(TestMethodWorker.java:154)
at org.testng.internal.invokers.TestMethodWorker.run(TestMethodWorker.java:134)
at java.base/java.util.ArrayList.forEach(ArrayList.java:1596)
at org.testng.TestRunner.privateRun(TestRunner.java:739)
at org.testng.TestRunner.run(TestRunner.java:614)
at org.testng.SuiteRunner.runTest(SuiteRunner.java:421)
at org.testng.SuiteRunner.runSequentially(SuiteRunner.java:413)
at org.testng.SuiteRunner.privateRun(SuiteRunner.java:373)
at org.testng.SuiteRunner.run(SuiteRunner.java:312)
at org.testng.SuiteRunnerWorker.runSuite(SuiteRunnerWorker.java:52)
at org.testng.SuiteRunnerWorker.run(SuiteRunnerWorker.java:95)
at org.testng.TestNG.runSuitesSequentially(TestNG.java:1274)
at org.testng.TestNG.runSuitesLocally(TestNG.java:1208)
at org.testng.TestNG.runSuites(TestNG.java:1112)
at org.testng.TestNG.run(TestNG.java:1079)
at org.testng.remote.AbstractRemoteTestNG.run(AbstractRemoteTestNG.java:115)
at org.testng.remote.RemoteTestNG.initAndRun(RemoteTestNG.java:293)
at org.testng.remote.RemoteTestNG.main(RemoteTestNG.java:91)
]]>
            </full-stacktrace>
          </exception> <!-- org.openqa.selenium.NoSuchElementException -->
          <reporter-output>
          </reporter-output>
        </test-method> <!-- verifyHomeWinLogo -->
        <test-method is-config="true" signature="setUpHomePage()[pri:0, instance:testcase.HomeTest@4a9e6faf]" started-at="2025-02-14T16:30:32 IST" name="setUpHomePage" finished-at="2025-02-14T16:30:32 IST" duration-ms="0" status="PASS">
          <reporter-output>
          </reporter-output>
        </test-method> <!-- setUpHomePage -->
        <test-method signature="screenshot()[pri:8, instance:testcase.HomeTest@4a9e6faf]" started-at="2025-02-14T16:30:32 IST" name="screenshot" finished-at="2025-02-14T16:30:32 IST" duration-ms="57" status="PASS">
          <reporter-output>
          </reporter-output>
        </test-method> <!-- screenshot -->
        <test-method is-config="true" signature="tearDown()[pri:0, instance:testcase.HomeTest@4a9e6faf]" started-at="2025-02-14T16:30:32 IST" name="tearDown" finished-at="2025-02-14T16:30:39 IST" duration-ms="7281" status="PASS">
          <reporter-output>
          </reporter-output>
        </test-method> <!-- tearDown -->
      </class> <!-- testcase.HomeTest -->
    </test> <!-- Firefox Test -->
    <test started-at="2025-02-14T16:30:39 IST" name="Edge Test" finished-at="2025-02-14T16:30:59 IST" duration-ms="19993">
      <class name="testcase.HomeTest">
        <test-method is-config="true" signature="setUp(java.lang.String)[pri:0, instance:testcase.HomeTest@4e4efc1b]" started-at="2025-02-14T16:30:39 IST" name="setUp" finished-at="2025-02-14T16:30:56 IST" duration-ms="16979" status="PASS">
          <params>
            <param index="0">
              <value>
                <![CDATA[edge]]>
              </value>
            </param>
          </params>
          <reporter-output>
          </reporter-output>
        </test-method> <!-- setUp -->
        <test-method is-config="true" signature="setUpHomePage()[pri:0, instance:testcase.HomeTest@4e4efc1b]" started-at="2025-02-14T16:30:56 IST" name="setUpHomePage" finished-at="2025-02-14T16:30:56 IST" duration-ms="1" status="PASS">
          <reporter-output>
          </reporter-output>
        </test-method> <!-- setUpHomePage -->
        <test-method signature="verifyUrl()[pri:1, instance:testcase.HomeTest@4e4efc1b]" started-at="2025-02-14T16:30:56 IST" name="verifyUrl" finished-at="2025-02-14T16:30:56 IST" duration-ms="49" status="PASS">
          <reporter-output>
          </reporter-output>
        </test-method> <!-- verifyUrl -->
        <test-method is-config="true" signature="setUpHomePage()[pri:0, instance:testcase.HomeTest@4e4efc1b]" started-at="2025-02-14T16:30:56 IST" name="setUpHomePage" finished-at="2025-02-14T16:30:56 IST" duration-ms="0" status="PASS">
          <reporter-output>
          </reporter-output>
        </test-method> <!-- setUpHomePage -->
        <test-method signature="verifyHomeWinLogo()[pri:2, instance:testcase.HomeTest@4e4efc1b]" started-at="2025-02-14T16:30:56 IST" name="verifyHomeWinLogo" finished-at="2025-02-14T16:30:57 IST" duration-ms="396" status="PASS">
          <reporter-output>
          </reporter-output>
        </test-method> <!-- verifyHomeWinLogo -->
        <test-method signature="screenshot()[pri:8, instance:testcase.HomeTest@4e4efc1b]" started-at="2025-02-14T16:30:57 IST" name="screenshot" finished-at="2025-02-14T16:30:57 IST" duration-ms="799" status="PASS">
          <reporter-output>
          </reporter-output>
        </test-method> <!-- screenshot -->
        <test-method is-config="true" signature="setUpHomePage()[pri:0, instance:testcase.HomeTest@4e4efc1b]" started-at="2025-02-14T16:30:57 IST" name="setUpHomePage" finished-at="2025-02-14T16:30:57 IST" duration-ms="0" status="PASS">
          <reporter-output>
          </reporter-output>
        </test-method> <!-- setUpHomePage -->
        <test-method is-config="true" signature="tearDown()[pri:0, instance:testcase.HomeTest@4e4efc1b]" started-at="2025-02-14T16:30:57 IST" name="tearDown" finished-at="2025-02-14T16:30:59 IST" duration-ms="1753" status="PASS">
          <reporter-output>
          </reporter-output>
        </test-method> <!-- tearDown -->
      </class> <!-- testcase.HomeTest -->
    </test> <!-- Edge Test -->
  </suite> <!-- Etv Suite -->
</testng-results>
