<?xml version="1.0" encoding="UTF-8"?>
<!-- Generated by org.testng.reporters.JUnitReportReporter -->
<testsuite hostname="RUDRAPRASAD" failures="0" tests="3" name="com.etvwin.runner.TestRunner" time="210.921" errors="0" timestamp="2025-04-24T19:55:28 IST" skipped="0">
  <testcase classname="com.etvwin.runner.TestRunner" name="Tc001_VerifyHomePAge" time="15.210"/>
  <testcase classname="com.etvwin.runner.TestRunner" name="Tc001_VerifyHomePAge" time="155.802"/>
  <testcase classname="com.etvwin.runner.TestRunner" name="Tc001_VerifyHomePAge" time="39.909"/>
</testsuite> <!-- com.etvwin.runner.TestRunner -->
