<?xml version="1.0" encoding="UTF-8"?>
<!-- Generated by org.testng.reporters.JUnitReportReporter -->
<testsuite hostname="WIN-PRASAD" failures="0" tests="3" name="testcase.HomeTest" time="5.165" errors="0" timestamp="2024-12-24T14:24:09 IST" skipped="0">
  <testcase classname="testcase.HomeTest" name="verifyUrl" time="4.534"/>
  <testcase classname="testcase.HomeTest" name="allicontentVisibilityonHome" time="0.361"/>
  <testcase classname="testcase.HomeTest" name="TC004" time="0.270"/>
</testsuite> <!-- testcase.HomeTest -->
