<?xml version="1.0" encoding="UTF-8"?>
<!-- Generated by org.testng.reporters.JUnitXMLReporter -->
<testsuite ignored="0" hostname="WIN-PRASAD" failures="0" tests="5" name="Chrome Test" time="3.527" errors="0" timestamp="2025-02-15T15:30:19 IST">
  <testcase classname="base.BaseTest" name="@BeforeTest setUp" time="3.424">
    <failure type="org.openqa.selenium.SessionNotCreatedException" message="Could not start a new session. Response code 500. Message: session not created: This version of ChromeDriver only supports Chrome version 114
Current browser version is 133.0.6943.98 with binary path C:\Program Files\Google\Chrome\Application\chrome.exe 
Host info: host: &amp;apos;WIN-PRASAD&amp;apos;, ip: &amp;apos;10.10.14.176&amp;apos;
Build info: version: &amp;apos;4.26.0&amp;apos;, revision: &amp;apos;8ccf0219d7&amp;apos;
System info: os.name: &amp;apos;Windows 10&amp;apos;, os.arch: &amp;apos;amd64&amp;apos;, os.version: &amp;apos;10.0&amp;apos;, java.version: &amp;apos;21.0.4&amp;apos;
Driver info: org.openqa.selenium.chrome.ChromeDriver
Command: [null, newSession {capabilities=[Capabilities {browserName: chrome, goog:chromeOptions: {args: [], extensions: []}}]}]">
      <![CDATA[org.openqa.selenium.SessionNotCreatedException: Could not start a new session. Response code 500. Message: session not created: This version of ChromeDriver only supports Chrome version 114
Current browser version is 133.0.6943.98 with binary path C:\Program Files\Google\Chrome\Application\chrome.exe 
Host info: host: 'WIN-PRASAD', ip: '10.10.14.176'
Build info: version: '4.26.0', revision: '8ccf0219d7'
System info: os.name: 'Windows 10', os.arch: 'amd64', os.version: '10.0', java.version: '21.0.4'
Driver info: org.openqa.selenium.chrome.ChromeDriver
Command: [null, newSession {capabilities=[Capabilities {browserName: chrome, goog:chromeOptions: {args: [], extensions: []}}]}]
at org.openqa.selenium.remote.ProtocolHandshake.createSession(ProtocolHandshake.java:114)
at org.openqa.selenium.remote.ProtocolHandshake.createSession(ProtocolHandshake.java:75)
at org.openqa.selenium.remote.ProtocolHandshake.createSession(ProtocolHandshake.java:61)
at org.openqa.selenium.remote.HttpCommandExecutor.execute(HttpCommandExecutor.java:162)
at org.openqa.selenium.remote.service.DriverCommandExecutor.invokeExecute(DriverCommandExecutor.java:216)
at org.openqa.selenium.remote.service.DriverCommandExecutor.execute(DriverCommandExecutor.java:174)
at org.openqa.selenium.remote.RemoteWebDriver.execute(RemoteWebDriver.java:545)
at org.openqa.selenium.remote.RemoteWebDriver.startSession(RemoteWebDriver.java:245)
at org.openqa.selenium.remote.RemoteWebDriver.<init>(RemoteWebDriver.java:174)
at org.openqa.selenium.chromium.ChromiumDriver.<init>(ChromiumDriver.java:114)
at org.openqa.selenium.chrome.ChromeDriver.<init>(ChromeDriver.java:88)
at org.openqa.selenium.chrome.ChromeDriver.<init>(ChromeDriver.java:83)
at org.openqa.selenium.chrome.ChromeDriver.<init>(ChromeDriver.java:51)
at base.BaseTest.setUp(BaseTest.java:156)
... Removed 22 stack frames]]>
    </failure>
  </testcase> <!-- @BeforeTest setUp -->
  <testcase classname="testcase.HomeTest" name="@BeforeMethod setUpHomePage" time="0.0">
    <skipped/>
  </testcase> <!-- @BeforeMethod setUpHomePage -->
  <testcase classname="testcase.HomeTest" name="@BeforeMethod setUpHomePage" time="0.0">
    <skipped/>
  </testcase> <!-- @BeforeMethod setUpHomePage -->
  <testcase classname="testcase.HomeTest" name="@BeforeMethod setUpHomePage" time="0.0">
    <skipped/>
  </testcase> <!-- @BeforeMethod setUpHomePage -->
  <testcase classname="testcase.HomeTest" name="@BeforeMethod setUpHomePage" time="0.0">
    <skipped/>
  </testcase> <!-- @BeforeMethod setUpHomePage -->
  <testcase classname="testcase.HomeTest" name="@BeforeMethod setUpHomePage" time="0.0">
    <skipped/>
  </testcase> <!-- @BeforeMethod setUpHomePage -->
  <testcase classname="base.BaseTest" name="@AfterTest tearDown" time="0.0">
    <skipped/>
  </testcase> <!-- @AfterTest tearDown -->
  <testcase classname="testcase.HomeTest" name="verifyUrl" time="0.0">
    <skipped/>
  </testcase> <!-- verifyUrl -->
  <testcase classname="testcase.HomeTest" name="verifyHomeWinLogo" time="0.0">
    <skipped/>
  </testcase> <!-- verifyHomeWinLogo -->
  <testcase classname="testcase.HomeTest" name="allicontentVisibilityonHome" time="0.0">
    <skipped/>
  </testcase> <!-- allicontentVisibilityonHome -->
  <testcase classname="testcase.HomeTest" name="TC006" time="0.001">
    <skipped/>
  </testcase> <!-- TC006 -->
  <testcase classname="testcase.HomeTest" name="scrollDown" time="0.0">
    <skipped/>
  </testcase> <!-- scrollDown -->
</testsuite> <!-- Chrome Test -->
