<?xml version="1.0" encoding="UTF-8"?>
<!-- Generated by org.testng.reporters.JUnitXMLReporter -->
<testsuite ignored="0" hostname="WIN-PRASAD" failures="0" tests="3" name="Chrome Test" time="18.537" errors="0" timestamp="2025-02-14T16:30:15 IST">
  <testcase classname="testcase.HomeTest" name="verifyUrl" time="0.085"/>
  <testcase classname="testcase.HomeTest" name="verifyHomeWinLogo" time="1.186"/>
  <testcase classname="testcase.HomeTest" name="screenshot" time="0.151"/>
</testsuite> <!-- Chrome Test -->
