<?xml version="1.0" encoding="UTF-8"?>
<!-- Generated by org.testng.reporters.JUnitXMLReporter -->
<testsuite ignored="0" hostname="WIN-PRASAD" failures="1" tests="5" name="Edge Test" time="20.551" errors="0" timestamp="2025-02-15T15:30:40 IST">
  <testcase classname="testcase.HomeTest" name="verifyUrl" time="1.4"/>
  <testcase classname="testcase.HomeTest" name="verifyHomeWinLogo" time="0.315"/>
  <testcase classname="testcase.HomeTest" name="allicontentVisibilityonHome" time="0.23"/>
  <testcase classname="testcase.HomeTest" name="TC006" time="1.242">
    <failure type="org.openqa.selenium.StaleElementReferenceException" message="stale element reference: stale element not found
  (Session info: MicrosoftEdge=133.0.3065.69)
For documentation on this error, please visit: https://www.selenium.dev/documentation/webdriver/troubleshooting/errors#stale-element-reference-exception
Build info: version: &amp;apos;4.26.0&amp;apos;, revision: &amp;apos;8ccf0219d7&amp;apos;
System info: os.name: &amp;apos;Windows 10&amp;apos;, os.arch: &amp;apos;amd64&amp;apos;, os.version: &amp;apos;10.0&amp;apos;, java.version: &amp;apos;21.0.4&amp;apos;
Driver info: org.openqa.selenium.edge.EdgeDriver
Command: [1857fa96d8468344fe78713d8dea4a83, isElementDisplayed {id=f.B8AE40D070B833F7AAFCAF7D83A732E6.d.1D93A7580E9402E05D4AE72B8864DDFB.e.28}]
Capabilities {acceptInsecureCerts: false, browserName: MicrosoftEdge, browserVersion: 133.0.3065.69, fedcm:accounts: true, ms:edgeOptions: {debuggerAddress: localhost:62571}, msedge: {msedgedriverVersion: 133.0.3065.59 (3b8acd719957..., userDataDir: C:\Users\Prasad\AppData\Loc...}, networkConnectionEnabled: false, pageLoadStrategy: normal, platformName: windows, proxy: Proxy(), se:cdp: ws://localhost:62571/devtoo..., se:cdpVersion: 133.0.3065.69, setWindowRect: true, strictFileInteractability: false, timeouts: {implicit: 0, pageLoad: 300000, script: 30000}, unhandledPromptBehavior: dismiss and notify, webauthn:extension:credBlob: true, webauthn:extension:largeBlob: true, webauthn:extension:minPinLength: true, webauthn:extension:prf: true, webauthn:virtualAuthenticators: true}
Element: [[EdgeDriver: MicrosoftEdge on windows (1857fa96d8468344fe78713d8dea4a83)] -&amp;gt; xpath: //a[@class=&amp;apos;button-color nav-link&amp;apos;]]
Session ID: 1857fa96d8468344fe78713d8dea4a83">
      <![CDATA[org.openqa.selenium.StaleElementReferenceException: stale element reference: stale element not found
  (Session info: MicrosoftEdge=133.0.3065.69)
For documentation on this error, please visit: https://www.selenium.dev/documentation/webdriver/troubleshooting/errors#stale-element-reference-exception
Build info: version: '4.26.0', revision: '8ccf0219d7'
System info: os.name: 'Windows 10', os.arch: 'amd64', os.version: '10.0', java.version: '21.0.4'
Driver info: org.openqa.selenium.edge.EdgeDriver
Command: [1857fa96d8468344fe78713d8dea4a83, isElementDisplayed {id=f.B8AE40D070B833F7AAFCAF7D83A732E6.d.1D93A7580E9402E05D4AE72B8864DDFB.e.28}]
Capabilities {acceptInsecureCerts: false, browserName: MicrosoftEdge, browserVersion: 133.0.3065.69, fedcm:accounts: true, ms:edgeOptions: {debuggerAddress: localhost:62571}, msedge: {msedgedriverVersion: 133.0.3065.59 (3b8acd719957..., userDataDir: C:\Users\Prasad\AppData\Loc...}, networkConnectionEnabled: false, pageLoadStrategy: normal, platformName: windows, proxy: Proxy(), se:cdp: ws://localhost:62571/devtoo..., se:cdpVersion: 133.0.3065.69, setWindowRect: true, strictFileInteractability: false, timeouts: {implicit: 0, pageLoad: 300000, script: 30000}, unhandledPromptBehavior: dismiss and notify, webauthn:extension:credBlob: true, webauthn:extension:largeBlob: true, webauthn:extension:minPinLength: true, webauthn:extension:prf: true, webauthn:virtualAuthenticators: true}
Element: [[EdgeDriver: MicrosoftEdge on windows (1857fa96d8468344fe78713d8dea4a83)] -> xpath: //a[@class='button-color nav-link']]
Session ID: 1857fa96d8468344fe78713d8dea4a83
at org.openqa.selenium.remote.ErrorCodec.decode(ErrorCodec.java:167)
at org.openqa.selenium.remote.codec.w3c.W3CHttpResponseCodec.decode(W3CHttpResponseCodec.java:138)
at org.openqa.selenium.remote.codec.w3c.W3CHttpResponseCodec.decode(W3CHttpResponseCodec.java:50)
at org.openqa.selenium.remote.HttpCommandExecutor.execute(HttpCommandExecutor.java:190)
at org.openqa.selenium.remote.service.DriverCommandExecutor.invokeExecute(DriverCommandExecutor.java:216)
at org.openqa.selenium.remote.service.DriverCommandExecutor.execute(DriverCommandExecutor.java:174)
at org.openqa.selenium.remote.RemoteWebDriver.execute(RemoteWebDriver.java:545)
at org.openqa.selenium.remote.RemoteWebElement.execute(RemoteWebElement.java:223)
at org.openqa.selenium.remote.RemoteWebElement.isDisplayed(RemoteWebElement.java:282)
at org.openqa.selenium.support.ui.ExpectedConditions.elementIfVisible(ExpectedConditions.java:304)
at org.openqa.selenium.support.ui.ExpectedConditions$10.apply(ExpectedConditions.java:290)
at org.openqa.selenium.support.ui.ExpectedConditions$10.apply(ExpectedConditions.java:287)
at org.openqa.selenium.support.ui.FluentWait.until(FluentWait.java:203)
at testcase.HomeTest.TC006(HomeTest.java:190)
at java.base/java.util.ArrayList.forEach(ArrayList.java:1596)
... Removed 28 stack frames]]>
    </failure>
  </testcase> <!-- TC006 -->
  <testcase classname="testcase.HomeTest" name="scrollDown" time="0.019"/>
</testsuite> <!-- Edge Test -->
