<?xml version="1.0" encoding="UTF-8"?>
<!-- Generated by org.testng.reporters.JUnitXMLReporter -->
<testsuite ignored="0" hostname="WIN-PRASAD" failures="0" tests="3" name="Edge Test" time="19.993" errors="0" timestamp="2025-02-14T16:30:59 IST">
  <testcase classname="testcase.HomeTest" name="verifyUrl" time="0.049"/>
  <testcase classname="testcase.HomeTest" name="verifyHomeWinLogo" time="0.396"/>
  <testcase classname="testcase.HomeTest" name="screenshot" time="0.799"/>
</testsuite> <!-- Edge Test -->
