<?xml version="1.0" encoding="UTF-8"?>
<!-- Generated by org.testng.reporters.JUnitXMLReporter -->
<testsuite ignored="0" hostname="WIN-PRASAD" failures="0" tests="5" name="Firefox Test" time="0.571" errors="0" timestamp="2025-02-15T15:30:20 IST">
  <testcase classname="testcase.HomeTest" name="verifyUrl" time="0.0">
    <skipped/>
  </testcase> <!-- verifyUrl -->
  <testcase classname="testcase.HomeTest" name="verifyHomeWinLogo" time="0.0">
    <skipped/>
  </testcase> <!-- verifyHomeWinLogo -->
  <testcase classname="testcase.HomeTest" name="allicontentVisibilityonHome" time="0.0">
    <skipped/>
  </testcase> <!-- allicontentVisibilityonHome -->
  <testcase classname="testcase.HomeTest" name="TC006" time="0.0">
    <skipped/>
  </testcase> <!-- TC006 -->
  <testcase classname="testcase.HomeTest" name="scrollDown" time="0.0">
    <skipped/>
  </testcase> <!-- scrollDown -->
</testsuite> <!-- Firefox Test -->
